This is pdfTeX, Version 3.141592653-2.6-1.40.25 (TeX Live 2023) (preloaded format=pdflatex 2023.3.30)  19 APR 2023 16:25
entering extended mode
 restricted \write18 enabled.
 file:line:error style messages enabled.
 %&-line parsing enabled.
**"/Users/jovanjovanovic/Downloads/Article_ Non Abelian Braiding /main.tex"
(/Users/jovanjovanovic/Downloads/Article_ Non Abelian Braiding /main.tex
LaTeX2e <2022-11-01> patch level 1
L3 programming layer <2023-02-22> (/usr/local/texlive/2023/texmf-dist/tex/latex/base/article.cls
Document Class: article 2022/07/02 v1.4n Standard LaTeX document class
(/usr/local/texlive/2023/texmf-dist/tex/latex/base/size10.clo
File: size10.clo 2022/07/02 v1.4n Standard LaTeX file (size option)
)
\c@part=\count185
\c@section=\count186
\c@subsection=\count187
\c@subsubsection=\count188
\c@paragraph=\count189
\c@subparagraph=\count190
\c@figure=\count191
\c@table=\count192
\abovecaptionskip=\skip48
\belowcaptionskip=\skip49
\bibindent=\dimen140
) (/usr/local/texlive/2023/texmf-dist/tex/latex/base/inputenc.sty
Package: inputenc 2021/02/14 v1.3d Input encoding file
\inpenc@prehook=\toks16
\inpenc@posthook=\toks17
) (/usr/local/texlive/2023/texmf-dist/tex/latex/graphics/graphicx.sty
Package: graphicx 2021/09/16 v1.2d Enhanced LaTeX Graphics (DPC,SPQR)
 (/usr/local/texlive/2023/texmf-dist/tex/latex/graphics/keyval.sty
Package: keyval 2022/05/29 v1.15 key=value parser (DPC)
\KV@toks@=\toks18
) (/usr/local/texlive/2023/texmf-dist/tex/latex/graphics/graphics.sty
Package: graphics 2022/03/10 v1.4e Standard LaTeX Graphics (DPC,SPQR)
 (/usr/local/texlive/2023/texmf-dist/tex/latex/graphics/trig.sty
Package: trig 2021/08/11 v1.11 sin cos tan (DPC)
) (/usr/local/texlive/2023/texmf-dist/tex/latex/graphics-cfg/graphics.cfg
File: graphics.cfg 2016/06/04 v1.11 sample graphics configuration
)
Package graphics Info: Driver file: pdftex.def on input line 107.
 (/usr/local/texlive/2023/texmf-dist/tex/latex/graphics-def/pdftex.def
File: pdftex.def 2022/09/22 v1.2b Graphics/color driver for pdftex
))
\Gin@req@height=\dimen141
\Gin@req@width=\dimen142
) (/usr/local/texlive/2023/texmf-dist/tex/latex/xcolor/xcolor.sty
Package: xcolor 2022/06/12 v2.14 LaTeX color extensions (UK)
 (/usr/local/texlive/2023/texmf-dist/tex/latex/graphics-cfg/color.cfg
File: color.cfg 2016/01/02 v1.6 sample color configuration
)
Package xcolor Info: Driver file: pdftex.def on input line 227.
 (/usr/local/texlive/2023/texmf-dist/tex/latex/graphics/mathcolor.ltx)
Package xcolor Info: Model `cmy' substituted by `cmy0' on input line 1353.
Package xcolor Info: Model `hsb' substituted by `rgb' on input line 1357.
Package xcolor Info: Model `RGB' extended on input line 1369.
Package xcolor Info: Model `HTML' substituted by `rgb' on input line 1371.
Package xcolor Info: Model `Hsb' substituted by `hsb' on input line 1372.
Package xcolor Info: Model `tHsb' substituted by `hsb' on input line 1373.
Package xcolor Info: Model `HSB' substituted by `hsb' on input line 1374.
Package xcolor Info: Model `Gray' substituted by `gray' on input line 1375.
Package xcolor Info: Model `wave' substituted by `hsb' on input line 1376.
 (/usr/local/texlive/2023/texmf-dist/tex/latex/graphics/dvipsnam.def
File: dvipsnam.def 2016/06/17 v3.0m Driver-dependent file (DPC,SPQR)
)) (/usr/local/texlive/2023/texmf-dist/tex/latex/hyperref/hyperref.sty
Package: hyperref 2023-02-07 v7.00v Hypertext links for LaTeX
 (/usr/local/texlive/2023/texmf-dist/tex/generic/ltxcmds/ltxcmds.sty
Package: ltxcmds 2020-05-10 v1.25 LaTeX kernel commands for general use (HO)
) (/usr/local/texlive/2023/texmf-dist/tex/generic/iftex/iftex.sty
Package: iftex 2022/02/03 v1.0f TeX engine tests
) (/usr/local/texlive/2023/texmf-dist/tex/generic/pdftexcmds/pdftexcmds.sty
Package: pdftexcmds 2020-06-27 v0.33 Utility functions of pdfTeX for LuaTeX (HO)
 (/usr/local/texlive/2023/texmf-dist/tex/generic/infwarerr/infwarerr.sty
Package: infwarerr 2019/12/03 v1.5 Providing info/warning/error messages (HO)
)
Package pdftexcmds Info: \pdf@primitive is available.
Package pdftexcmds Info: \pdf@ifprimitive is available.
Package pdftexcmds Info: \pdfdraftmode found.
) (/usr/local/texlive/2023/texmf-dist/tex/latex/kvsetkeys/kvsetkeys.sty
Package: kvsetkeys 2022-10-05 v1.19 Key value parser (HO)
) (/usr/local/texlive/2023/texmf-dist/tex/generic/kvdefinekeys/kvdefinekeys.sty
Package: kvdefinekeys 2019-12-19 v1.6 Define keys (HO)
) (/usr/local/texlive/2023/texmf-dist/tex/generic/pdfescape/pdfescape.sty
Package: pdfescape 2019/12/09 v1.15 Implements pdfTeX's escape features (HO)
) (/usr/local/texlive/2023/texmf-dist/tex/latex/hycolor/hycolor.sty
Package: hycolor 2020-01-27 v1.10 Color options for hyperref/bookmark (HO)
) (/usr/local/texlive/2023/texmf-dist/tex/latex/letltxmacro/letltxmacro.sty
Package: letltxmacro 2019/12/03 v1.6 Let assignment for LaTeX macros (HO)
) (/usr/local/texlive/2023/texmf-dist/tex/latex/auxhook/auxhook.sty
Package: auxhook 2019-12-17 v1.6 Hooks for auxiliary files (HO)
) (/usr/local/texlive/2023/texmf-dist/tex/latex/hyperref/nameref.sty
Package: nameref 2022-05-17 v2.50 Cross-referencing by name of section
 (/usr/local/texlive/2023/texmf-dist/tex/latex/refcount/refcount.sty
Package: refcount 2019/12/15 v3.6 Data extraction from label references (HO)
) (/usr/local/texlive/2023/texmf-dist/tex/generic/gettitlestring/gettitlestring.sty
Package: gettitlestring 2019/12/15 v1.6 Cleanup title references (HO)
 (/usr/local/texlive/2023/texmf-dist/tex/latex/kvoptions/kvoptions.sty
Package: kvoptions 2022-06-15 v3.15 Key value format for package options (HO)
))
\c@section@level=\count193
)
\@linkdim=\dimen143
\Hy@linkcounter=\count194
\Hy@pagecounter=\count195
 (/usr/local/texlive/2023/texmf-dist/tex/latex/hyperref/pd1enc.def
File: pd1enc.def 2023-02-07 v7.00v Hyperref: PDFDocEncoding definition (HO)
Now handling font encoding PD1 ...
... no UTF-8 mapping file for font encoding PD1
) (/usr/local/texlive/2023/texmf-dist/tex/generic/intcalc/intcalc.sty
Package: intcalc 2019/12/15 v1.3 Expandable calculations with integers (HO)
) (/usr/local/texlive/2023/texmf-dist/tex/generic/etexcmds/etexcmds.sty
Package: etexcmds 2019/12/15 v1.7 Avoid name clashes with e-TeX commands (HO)
)
\Hy@SavedSpaceFactor=\count196
 (/usr/local/texlive/2023/texmf-dist/tex/latex/hyperref/puenc.def
File: puenc.def 2023-02-07 v7.00v Hyperref: PDF Unicode definition (HO)
Now handling font encoding PU ...
... no UTF-8 mapping file for font encoding PU
)
Package hyperref Info: Option `colorlinks' set `true' on input line 4060.
Package hyperref Info: Option `hypertexnames' set `false' on input line 4060.
Package hyperref Info: Hyper figures OFF on input line 4177.
Package hyperref Info: Link nesting OFF on input line 4182.
Package hyperref Info: Hyper index ON on input line 4185.
Package hyperref Info: Plain pages OFF on input line 4192.
Package hyperref Info: Backreferencing OFF on input line 4197.
Package hyperref Info: Implicit mode ON; LaTeX internals redefined.
Package hyperref Info: Bookmarks ON on input line 4425.
\c@Hy@tempcnt=\count197
 (/usr/local/texlive/2023/texmf-dist/tex/latex/url/url.sty
\Urlmuskip=\muskip16
Package: url 2013/09/16  ver 3.4  Verb mode for urls, etc.
)
LaTeX Info: Redefining \url on input line 4763.
\XeTeXLinkMargin=\dimen144
 (/usr/local/texlive/2023/texmf-dist/tex/generic/bitset/bitset.sty
Package: bitset 2019/12/09 v1.3 Handle bit-vector datatype (HO)
 (/usr/local/texlive/2023/texmf-dist/tex/generic/bigintcalc/bigintcalc.sty
Package: bigintcalc 2019/12/15 v1.5 Expandable calculations on big integers (HO)
))
\Fld@menulength=\count198
\Field@Width=\dimen145
\Fld@charsize=\dimen146
Package hyperref Info: Hyper figures OFF on input line 6042.
Package hyperref Info: Link nesting OFF on input line 6047.
Package hyperref Info: Hyper index ON on input line 6050.
Package hyperref Info: backreferencing OFF on input line 6057.
Package hyperref Info: Link coloring ON on input line 6060.
Package hyperref Info: Link coloring with OCG OFF on input line 6067.
Package hyperref Info: PDF/A mode OFF on input line 6072.
 (/usr/local/texlive/2023/texmf-dist/tex/latex/base/atbegshi-ltx.sty
Package: atbegshi-ltx 2021/01/10 v1.0c Emulation of the original atbegshi
package with kernel methods
)
\Hy@abspage=\count199
\c@Item=\count266
\c@Hfootnote=\count267
)
Package hyperref Info: Driver (autodetected): hpdftex.
 (/usr/local/texlive/2023/texmf-dist/tex/latex/hyperref/hpdftex.def
File: hpdftex.def 2023-02-07 v7.00v Hyperref driver for pdfTeX
 (/usr/local/texlive/2023/texmf-dist/tex/latex/base/atveryend-ltx.sty
Package: atveryend-ltx 2020/08/19 v1.0a Emulation of the original atveryend package
with kernel methods
)
\Fld@listcount=\count268
\c@bookmark@seq@number=\count269
 (/usr/local/texlive/2023/texmf-dist/tex/latex/rerunfilecheck/rerunfilecheck.sty
Package: rerunfilecheck 2022-07-10 v1.10 Rerun checks for auxiliary files (HO)
 (/usr/local/texlive/2023/texmf-dist/tex/generic/uniquecounter/uniquecounter.sty
Package: uniquecounter 2019/12/15 v1.4 Provide unlimited unique counter (HO)
)
Package uniquecounter Info: New unique counter `rerunfilecheck' on input line 285.
)
\Hy@SectionHShift=\skip50
) (/usr/local/texlive/2023/texmf-dist/tex/latex/braket/braket.sty) (/usr/local/texlive/2023/texmf-dist/tex/latex/bbold/bbold.sty
Package: bbold 1994/04/06 Bbold symbol package
) (/usr/local/texlive/2023/texmf-dist/tex/latex/cite/cite.sty
LaTeX Info: Redefining \cite on input line 302.
LaTeX Info: Redefining \nocite on input line 332.
Package: cite 2015/02/27  v 5.5
) (/usr/local/texlive/2023/texmf-dist/tex/latex/amsfonts/amssymb.sty
Package: amssymb 2013/01/14 v3.01 AMS font symbols
 (/usr/local/texlive/2023/texmf-dist/tex/latex/amsfonts/amsfonts.sty
Package: amsfonts 2013/01/14 v3.01 Basic AMSFonts support
\@emptytoks=\toks19
\symAMSa=\mathgroup4
\symAMSb=\mathgroup5
LaTeX Font Info:    Redeclaring math symbol \hbar on input line 98.
LaTeX Font Info:    Overwriting math alphabet `\mathfrak' in version `bold'
(Font)                  U/euf/m/n --> U/euf/b/n on input line 106.
)) (/usr/local/texlive/2023/texmf-dist/tex/latex/amsmath/amsmath.sty
Package: amsmath 2022/04/08 v2.17n AMS math features
\@mathmargin=\skip51

For additional information on amsmath, use the `?' option.
(/usr/local/texlive/2023/texmf-dist/tex/latex/amsmath/amstext.sty
Package: amstext 2021/08/26 v2.01 AMS text
 (/usr/local/texlive/2023/texmf-dist/tex/latex/amsmath/amsgen.sty
File: amsgen.sty 1999/11/30 v2.0 generic functions
\@emptytoks=\toks20
\ex@=\dimen147
)) (/usr/local/texlive/2023/texmf-dist/tex/latex/amsmath/amsbsy.sty
Package: amsbsy 1999/11/29 v1.2d Bold Symbols
\pmbraise@=\dimen148
) (/usr/local/texlive/2023/texmf-dist/tex/latex/amsmath/amsopn.sty
Package: amsopn 2022/04/08 v2.04 operator names
)
\inf@bad=\count270
LaTeX Info: Redefining \frac on input line 234.
\uproot@=\count271
\leftroot@=\count272
LaTeX Info: Redefining \overline on input line 399.
LaTeX Info: Redefining \colon on input line 410.
\classnum@=\count273
\DOTSCASE@=\count274
LaTeX Info: Redefining \ldots on input line 496.
LaTeX Info: Redefining \dots on input line 499.
LaTeX Info: Redefining \cdots on input line 620.
\Mathstrutbox@=\box51
\strutbox@=\box52
LaTeX Info: Redefining \big on input line 722.
LaTeX Info: Redefining \Big on input line 723.
LaTeX Info: Redefining \bigg on input line 724.
LaTeX Info: Redefining \Bigg on input line 725.
\big@size=\dimen149
LaTeX Font Info:    Redeclaring font encoding OML on input line 743.
LaTeX Font Info:    Redeclaring font encoding OMS on input line 744.
\macc@depth=\count275
LaTeX Info: Redefining \bmod on input line 905.
LaTeX Info: Redefining \pmod on input line 910.
LaTeX Info: Redefining \smash on input line 940.
LaTeX Info: Redefining \relbar on input line 970.
LaTeX Info: Redefining \Relbar on input line 971.
\c@MaxMatrixCols=\count276
\dotsspace@=\muskip17
\c@parentequation=\count277
\dspbrk@lvl=\count278
\tag@help=\toks21
\row@=\count279
\column@=\count280
\maxfields@=\count281
\andhelp@=\toks22
\eqnshift@=\dimen150
\alignsep@=\dimen151
\tagshift@=\dimen152
\tagwidth@=\dimen153
\totwidth@=\dimen154
\lineht@=\dimen155
\@envbody=\toks23
\multlinegap=\skip52
\multlinetaggap=\skip53
\mathdisplay@stack=\toks24
LaTeX Info: Redefining \[ on input line 2953.
LaTeX Info: Redefining \] on input line 2954.
) (/usr/local/texlive/2023/texmf-dist/tex/latex/placeins/placeins.sty
Package: placeins 2005/04/18  v 2.2
) (/usr/local/texlive/2023/texmf-dist/tex/latex/caption/subcaption.sty
Package: subcaption 2023/02/19 v1.6 Sub-captions (AR)
 (/usr/local/texlive/2023/texmf-dist/tex/latex/caption/caption.sty
Package: caption 2023/03/12 v3.6j Customizing captions (AR)
 (/usr/local/texlive/2023/texmf-dist/tex/latex/caption/caption3.sty
Package: caption3 2023/03/12 v2.4 caption3 kernel (AR)
\caption@tempdima=\dimen156
\captionmargin=\dimen157
\caption@leftmargin=\dimen158
\caption@rightmargin=\dimen159
\caption@width=\dimen160
\caption@indent=\dimen161
\caption@parindent=\dimen162
\caption@hangindent=\dimen163
Package caption Info: Standard document class detected.
)
\c@caption@flags=\count282
\c@continuedfloat=\count283
Package caption Info: hyperref package is loaded.
)
Package caption Info: New subtype `subfigure' on input line 239.
\c@subfigure=\count284
Package caption Info: New subtype `subtable' on input line 239.
\c@subtable=\count285
) (/usr/local/texlive/2023/texmf-dist/tex/latex/qcircuit/qcircuit.sty
Package: qcircuit 2018/08/14
 (/usr/local/texlive/2023/texmf-dist/tex/generic/xypic/xy.sty (/usr/local/texlive/2023/texmf-dist/tex/generic/xypic/xy.tex Bootstrap'ing: catcodes, docmode, (/usr/local/texlive/2023/texmf-dist/tex/generic/xypic/xyrecat.tex) (/usr/local/texlive/2023/texmf-dist/tex/generic/xypic/xyidioms.tex)

 Xy-pic version 3.8.9 <2013/10/06>
 Copyright (c) 1991-2013 by Kristoffer H. Rose <krisrose@tug.org> and others
 Xy-pic is free software: see the User's Guide for details.

Loading kernel: messages; fonts; allocations: state,
\X@c=\dimen164
\Y@c=\dimen165
\U@c=\dimen166
\D@c=\dimen167
\L@c=\dimen168
\R@c=\dimen169
\Edge@c=\toks25
\X@p=\dimen170
\Y@p=\dimen171
\U@p=\dimen172
\D@p=\dimen173
\L@p=\dimen174
\R@p=\dimen175
\Edge@p=\toks26
\X@origin=\dimen176
\Y@origin=\dimen177
\X@xbase=\dimen178
\Y@xbase=\dimen179
\X@ybase=\dimen180
\Y@ybase=\dimen181
\X@min=\dimen182
\Y@min=\dimen183
\X@max=\dimen184
\Y@max=\dimen185
\lastobjectbox@=\box53
\zerodotbox@=\box54
\almostz@=\dimen186
 direction,
\d@X=\dimen187
\d@Y=\dimen188
\K@=\count286
\KK@=\count287
\Direction=\count288
\K@dXdY=\dimen189
\K@dYdX=\dimen190
\xyread@=\read2
\xywrite@=\write3
\csp@=\count289
\quotPTK@=\dimen191
 utility macros; pictures: \xy, positions,
\swaptoks@@=\toks27
\connectobjectbox@@=\box55
 objects,
\styletoks@=\toks28
 decorations; kernel objects: directionals, circles, text; options; algorithms: directions, edges, connections;  Xy-pic loaded) (/usr/local/texlive/2023/texmf-dist/tex/generic/iftex/ifpdf.sty
Package: ifpdf 2019/10/25 v3.4 ifpdf legacy package. Use iftex instead.
)
Package: xy 2013/10/06 Xy-pic version 3.8.9
 (/usr/local/texlive/2023/texmf-dist/tex/generic/xypic/xypdf.tex  Xy-pic option: PDF driver v.1.7 loaded)) (/usr/local/texlive/2023/texmf-dist/tex/generic/xypic/xymatrix.tex  Xy-pic option: Matrix feature v.3.14
\Row=\count290
\Col=\count291
\queue@=\toks29
\queue@@=\toks30
\qcount@=\count292
\qcount@@=\count293
\matrixsize@=\count294
 loaded) (/usr/local/texlive/2023/texmf-dist/tex/generic/xypic/xyframe.tex  Xy-pic option: Frame and Bracket extension v.3.14 loaded) Xy-pic pdf driver: `frame' extension support (/usr/local/texlive/2023/texmf-dist/tex/generic/xypic/xypdf-fr.tex (/usr/local/texlive/2023/texmf-dist/tex/generic/xypic/xycurve.tex  Xy-pic option: Curve and Spline extension v.3.12 curve,
\crv@cnt@=\count295
\crvpts@=\toks31
\splinebox@=\box56
\splineval@=\dimen192
\splinedepth@=\dimen193
\splinetol@=\dimen194
\splinelength@=\dimen195
 circles,
\L@=\dimen196
 loaded) Xy-pic pdf driver: `curve' extension support (/usr/local/texlive/2023/texmf-dist/tex/generic/xypic/xypdf-cu.tex loaded) loaded) (/usr/local/texlive/2023/texmf-dist/tex/generic/xypic/xyarrow.tex  Xy-pic option: Arrow and Path feature v.3.9 path, \ar, loaded) (/usr/local/texlive/2023/texmf-dist/tex/generic/xypic/xyarc.tex  Xy-pic option: Circle, Ellipse, Arc feature v.3.8 circles, ellipses, elliptical arcs, loaded)) (/usr/local/texlive/2023/texmf-dist/tex/latex/geometry/geometry.sty
Package: geometry 2020/01/02 v5.9 Page Geometry
 (/usr/local/texlive/2023/texmf-dist/tex/generic/iftex/ifvtex.sty
Package: ifvtex 2019/10/25 v1.7 ifvtex legacy package. Use iftex instead.
)
\Gm@cnth=\count296
\Gm@cntv=\count297
\c@Gm@tempcnt=\count298
\Gm@bindingoffset=\dimen197
\Gm@wd@mp=\dimen198
\Gm@odd@mp=\dimen199
\Gm@even@mp=\dimen256
\Gm@layoutwidth=\dimen257
\Gm@layoutheight=\dimen258
\Gm@layouthoffset=\dimen259
\Gm@layoutvoffset=\dimen260
\Gm@dimlist=\toks32
) (/usr/local/texlive/2023/texmf-dist/tex/latex/l3backend/l3backend-pdftex.def
File: l3backend-pdftex.def 2023-01-16 L3 backend support: PDF output (pdfTeX)
\l__color_backend_stack_int=\count299
\l__pdf_internal_box=\box57
) (./main.aux)
\openout1 = `main.aux'.

LaTeX Font Info:    Checking defaults for OML/cmm/m/it on input line 29.
LaTeX Font Info:    ... okay on input line 29.
LaTeX Font Info:    Checking defaults for OMS/cmsy/m/n on input line 29.
LaTeX Font Info:    ... okay on input line 29.
LaTeX Font Info:    Checking defaults for OT1/cmr/m/n on input line 29.
LaTeX Font Info:    ... okay on input line 29.
LaTeX Font Info:    Checking defaults for T1/cmr/m/n on input line 29.
LaTeX Font Info:    ... okay on input line 29.
LaTeX Font Info:    Checking defaults for TS1/cmr/m/n on input line 29.
LaTeX Font Info:    ... okay on input line 29.
LaTeX Font Info:    Checking defaults for OMX/cmex/m/n on input line 29.
LaTeX Font Info:    ... okay on input line 29.
LaTeX Font Info:    Checking defaults for U/cmr/m/n on input line 29.
LaTeX Font Info:    ... okay on input line 29.
LaTeX Font Info:    Checking defaults for PD1/pdf/m/n on input line 29.
LaTeX Font Info:    ... okay on input line 29.
LaTeX Font Info:    Checking defaults for PU/pdf/m/n on input line 29.
LaTeX Font Info:    ... okay on input line 29.
 (/usr/local/texlive/2023/texmf-dist/tex/context/base/mkii/supp-pdf.mkii
[Loading MPS to PDF converter (version 2006.09.02).]
\scratchcounter=\count300
\scratchdimen=\dimen261
\scratchbox=\box58
\nofMPsegments=\count301
\nofMParguments=\count302
\everyMPshowfont=\toks33
\MPscratchCnt=\count303
\MPscratchDim=\dimen262
\MPnumerator=\count304
\makeMPintoPDFobject=\count305
\everyMPtoPDFconversion=\toks34
) (/usr/local/texlive/2023/texmf-dist/tex/latex/epstopdf-pkg/epstopdf-base.sty
Package: epstopdf-base 2020-01-24 v2.11 Base part for package epstopdf
Package epstopdf-base Info: Redefining graphics rule for `.eps' on input line 485.
 (/usr/local/texlive/2023/texmf-dist/tex/latex/latexconfig/epstopdf-sys.cfg
File: epstopdf-sys.cfg 2010/07/13 v1.3 Configuration of (r)epstopdf for TeX Live
))
Package hyperref Info: Link coloring ON on input line 29.
 (./main.out) (./main.out)
\@outlinefile=\write4
\openout4 = `main.out'.

Package caption Info: Begin \AtBeginDocument code.
Package caption Info: End \AtBeginDocument code.
LaTeX Font Info:    Trying to load font information for U+msa on input line 29.
 (/usr/local/texlive/2023/texmf-dist/tex/latex/amsfonts/umsa.fd
File: umsa.fd 2013/01/14 v3.01 AMS symbols A
)
LaTeX Font Info:    Trying to load font information for U+msb on input line 29.
 (/usr/local/texlive/2023/texmf-dist/tex/latex/amsfonts/umsb.fd
File: umsb.fd 2013/01/14 v3.01 AMS symbols B
)
Package xypdf Info: Line width: 0.39998pt on input line 29.

*geometry* driver: auto-detecting
*geometry* detected driver: pdftex
*geometry* verbose mode - [ preamble ] result:
* driver: pdftex
* paper: <default>
* layout: <same size as paper>
* layoutoffset:(h,v)=(0.0pt,0.0pt)
* modes: 
* h-part:(L,W,R)=(65.44133pt, 483.41234pt, 65.44133pt)
* v-part:(T,H,B)=(99.58464pt, 599.98798pt, 95.39737pt)
* \paperwidth=614.295pt
* \paperheight=794.96999pt
* \textwidth=483.41234pt
* \textheight=599.98798pt
* \oddsidemargin=-6.82866pt
* \evensidemargin=-6.82866pt
* \topmargin=-9.68535pt
* \headheight=12.0pt
* \headsep=25.0pt
* \topskip=10.0pt
* \footskip=30.0pt
* \marginparwidth=4.0pt
* \marginparsep=10.0pt
* \columnsep=15.0pt
* \skip\footins=9.0pt plus 4.0pt minus 2.0pt
* \hoffset=0.0pt
* \voffset=0.0pt
* \mag=1000
* \@twocolumntrue
* \@twosidefalse
* \@mparswitchfalse
* \@reversemarginfalse
* (1in=72.27pt=25.4mm, 1cm=28.453pt)

(./main.toc
Underfull \hbox (badness 1728) in paragraph at lines 7--7
 [] [][][]\OT1/cmr/bx/n/10 Braiding Ex-per-i-ments and Nu-mer-i-cal 
 []


Underfull \hbox (badness 10000) in paragraph at lines 8--8
 [][] [][][]\OT1/cmr/m/n/10 Encoding, Rib-bon op-er-a-tors and 
 []

)
\tf@toc=\write5
\openout5 = `main.toc'.

 [1{/usr/local/texlive/2023/texmf-var/fonts/map/pdftex/updmap/pdftex.map}


{/usr/local/texlive/2023/texmf-dist/fonts/enc/dvips/cm-super/cm-super-ts1.enc}]
LaTeX Font Info:    Trying to load font information for U+bbold on input line 73.
 (/usr/local/texlive/2023/texmf-dist/tex/latex/bbold/Ubbold.fd)
<Figures/B_ops.pdf, id=152, 632.98654pt x 172.0638pt>
File: Figures/B_ops.pdf Graphic file (type pdf)
<use Figures/B_ops.pdf>
Package pdftex.def Info: Figures/B_ops.pdf  used on input line 111.
(pdftex.def)             Requested size: 217.53407pt x 59.13103pt.
<Figures/A_ops.pdf, id=153, 743.3931pt x 290.27116pt>
File: Figures/A_ops.pdf Graphic file (type pdf)
<use Figures/A_ops.pdf>
Package pdftex.def Info: Figures/A_ops.pdf  used on input line 117.
(pdftex.def)             Requested size: 217.53407pt x 84.9383pt.
 [2] [3 <./Figures/B_ops.pdf> <./Figures/A_ops.pdf

pdfTeX warning: pdflatex (file ./Figures/A_ops.pdf): PDF inclusion: multiple pdfs with page group included in a single page
>] [4]

LaTeX Warning: Reference `' on page 5 undefined on input line 253.


LaTeX Warning: Reference `' on page 5 undefined on input line 258.


Underfull \hbox (badness 1158) in paragraph at lines 270--271
\OT1/cmr/m/n/10 ward aux-il-iary qu-dit: $[] [][] \OMS/cmsy/m/n/10 !
 []


LaTeX Warning: Reference `' on page 5 undefined on input line 280.

[5] [6]

Package hyperref Warning: Token not allowed in a PDF string (Unicode):
(hyperref)                removing `math shift' on input line 360.


Package hyperref Warning: Token not allowed in a PDF string (Unicode):
(hyperref)                removing `subscript' on input line 360.


Package hyperref Warning: Token not allowed in a PDF string (Unicode):
(hyperref)                removing `math shift' on input line 360.


Underfull \hbox (badness 10000) in paragraph at lines 365--366
[]\OT1/cmr/m/n/10 The traces of the rep-re-sen-ta-tion ma-tri-ces
 []


LaTeX Warning: `h' float specifier changed to `ht'.

[7]
Underfull \hbox (badness 7558) in paragraph at lines 431--431
[]\OT1/cmr/bx/n/14.4 Braiding Ex-per-i-ments and
 []

[8]

LaTeX Warning: No positions in optional float specifier.
               Default added (so using `tbp') on input line 514.


Overfull \hbox (4.17613pt too wide) in paragraph at lines 518--518
[]$\OML/cmm/m/it/10 A[]$| 
 []


Overfull \hbox (3.82927pt too wide) in paragraph at lines 518--518
[]$\OML/cmm/m/it/10 mr[]$| 
 []


Overfull \hbox (3.82927pt too wide) in paragraph at lines 518--519
[]$\OML/cmm/m/it/10 mr[]$| 
 []


Overfull \hbox (1.14755pt too wide) in paragraph at lines 520--520
[]$\OT1/cmr/m/n/10 	[]$| 
 []


Overfull \hbox (0.59198pt too wide) in paragraph at lines 521--521
[]$[]$| 
 []


Overfull \hbox (4.67198pt too wide) in paragraph at lines 521--521
[]$\OMS/cmsy/m/n/10 ^^@\OML/cmm/m/it/10 i^^[[]$| 
 []


Overfull \hbox (3.87325pt too wide) in paragraph at lines 521--521
[]$\OMS/cmsy/m/n/10 ^^@\OML/cmm/m/it/10 ^^[[]$| 
 []


Overfull \hbox (4.3003pt too wide) in paragraph at lines 521--521
[]$\OMS/cmsy/m/n/10 ^^@\OML/cmm/m/it/10 ^^[[]$| 
 []


Underfull \hbox (badness 1642) in paragraph at lines 527--529
[]\OT1/cmr/m/n/10 These two rep-re-sen-ta-tions are two-dimensional,
 []

<xymatrix 7x6 1632> <xymatrix 5x5 884> <xymatrix 4x4 569> <xymatrix 3x4 356> <xymatrix 5x4 999> <xymatrix 3x4 417> <xymatrix 3x4 356> <xymatrix 5x4 999> <xymatrix 3x4 417> <xymatrix 3x2 284> <xymatrix 7x2 683> <xymatrix 3x2 284> <xymatrix 7x2 683> [9]
Underfull \hbox (badness 10000) in paragraph at lines 620--620
[]\OT1/cmr/bx/n/12 Geometry and Ground State
 []

<Figures/glasses.pdf, id=285, 640.87477pt x 113.79518pt>
File: Figures/glasses.pdf Graphic file (type pdf)
<use Figures/glasses.pdf>
Package pdftex.def Info: Figures/glasses.pdf  used on input line 639.
(pdftex.def)             Requested size: 338.38716pt x 60.08716pt.
<xymatrix 6x6 1451> [10]
<Figures/basketball.pdf, id=297, 726.08514pt x 195.18697pt>
File: Figures/basketball.pdf Graphic file (type pdf)
<use Figures/basketball.pdf>
Package pdftex.def Info: Figures/basketball.pdf  used on input line 689.
(pdftex.def)             Requested size: 234.20616pt x 62.95847pt.


LaTeX Warning: Reference `' on page 11 undefined on input line 697.


LaTeX Warning: Reference `' on page 11 undefined on input line 697.


LaTeX Warning: Reference `' on page 11 undefined on input line 705.


LaTeX Warning: Reference `' on page 11 undefined on input line 709.


LaTeX Warning: Reference `' on page 11 undefined on input line 709.

<Figures/fluxBRAID.pdf, id=302, 1315.14102pt x 969.33688pt>
File: Figures/fluxBRAID.pdf Graphic file (type pdf)
<use Figures/fluxBRAID.pdf>
Package pdftex.def Info: Figures/fluxBRAID.pdf  used on input line 729.
(pdftex.def)             Requested size: 234.20616pt x 172.62425pt.
[11 <./Figures/glasses.pdf> <./Figures/basketball.pdf

pdfTeX warning: pdflatex (file ./Figures/basketball.pdf): PDF inclusion: multiple pdfs with page group included in a single page
>]
<Figures/fusion_glasses.png, id=346, 570.933pt x 570.933pt>
File: Figures/fusion_glasses.png Graphic file (type png)
<use Figures/fusion_glasses.png>
Package pdftex.def Info: Figures/fusion_glasses.png  used on input line 747.
(pdftex.def)             Requested size: 227.20438pt x 227.20177pt.


LaTeX Warning: Reference `fig:gen_geom' on page 12 undefined on input line 748.


LaTeX Warning: Reference `fig:gen_geom' on page 12 undefined on input line 748.

<Figures/fusion_on_basketball.png, id=348, 586.8324pt x 570.933pt>
File: Figures/fusion_on_basketball.png Graphic file (type png)
<use Figures/fusion_on_basketball.png>
Package pdftex.def Info: Figures/fusion_on_basketball.png  used on input line 752.
(pdftex.def)             Requested size: 227.20438pt x 221.04259pt.
<Figures/braid_fusion.png, id=351, 573.8238pt x 570.933pt>
File: Figures/braid_fusion.png Graphic file (type png)
<use Figures/braid_fusion.png>
Package pdftex.def Info: Figures/braid_fusion.png  used on input line 759.
(pdftex.def)             Requested size: 227.20438pt x 226.06053pt.
<Figures/braid_link.png, id=354, 578.8827pt x 570.933pt>
File: Figures/braid_link.png Graphic file (type png)
<use Figures/braid_link.png>
Package pdftex.def Info: Figures/braid_link.png  used on input line 764.
(pdftex.def)             Requested size: 227.20438pt x 224.08298pt.

LaTeX Warning: Float too large for page by 13.27432pt on input line 770.

<xymatrix 3x5 470> <xymatrix 5x5 884> <xymatrix 3x5 470> <xymatrix 3x5 470> <xymatrix 5x5 884> <xymatrix 3x5 470> [12 <./Figures/fluxBRAID.pdf>] [13 <./Figures/fusion_glasses.png> <./Figures/fusion_on_basketball.png> <./Figures/braid_fusion.png> <./Figures/braid_link.png>]

LaTeX Warning: Reference `' on page 14 undefined on input line 862.

<Figures/intef_example.pdf, id=403, 753.00739pt x 414.08673pt>
File: Figures/intef_example.pdf Graphic file (type pdf)
<use Figures/intef_example.pdf>
Package pdftex.def Info: Figures/intef_example.pdf  used on input line 868.
(pdftex.def)             Requested size: 227.20438pt x 124.94095pt.
<Figures/intefFlav.pdf, id=404, 753.00732pt x 335.46396pt>
File: Figures/intefFlav.pdf Graphic file (type pdf)
<use Figures/intefFlav.pdf>
Package pdftex.def Info: Figures/intefFlav.pdf  used on input line 873.
(pdftex.def)             Requested size: 227.20438pt x 101.21838pt.
<Figures/intefEx.pdf, id=405, 753.00739pt x 335.46396pt>
File: Figures/intefEx.pdf Graphic file (type pdf)
<use Figures/intefEx.pdf>
Package pdftex.def Info: Figures/intefEx.pdf  used on input line 880.
(pdftex.def)             Requested size: 227.20438pt x 101.21838pt.
<Figures/phaseCheck.pdf, id=406, 753.00739pt x 335.4638pt>
File: Figures/phaseCheck.pdf Graphic file (type pdf)
<use Figures/phaseCheck.pdf>
Package pdftex.def Info: Figures/phaseCheck.pdf  used on input line 885.
(pdftex.def)             Requested size: 227.20438pt x 101.21834pt.
<Figures/Tmat2.pdf, id=407, 753.00732pt x 335.4638pt>
File: Figures/Tmat2.pdf Graphic file (type pdf)
<use Figures/Tmat2.pdf>
Package pdftex.def Info: Figures/Tmat2.pdf  used on input line 897.
(pdftex.def)             Requested size: 227.20438pt x 101.21834pt.
<xymatrix 10x3 1390> [14] [15 <./Figures/intef_example.pdf> <./Figures/intefFlav.pdf

pdfTeX warning: pdflatex (file ./Figures/intefFlav.pdf): PDF inclusion: multiple pdfs with page group included in a single page
> <./Figures/intefEx.pdf

pdfTeX warning: pdflatex (file ./Figures/intefEx.pdf): PDF inclusion: multiple pdfs with page group included in a single page
> <./Figures/phaseCheck.pdf

pdfTeX warning: pdflatex (file ./Figures/phaseCheck.pdf): PDF inclusion: multiple pdfs with page group included in a single page
> <./Figures/Tmat2.pdf

pdfTeX warning: pdflatex (file ./Figures/Tmat2.pdf): PDF inclusion: multiple pdfs with page group included in a single page
>]

LaTeX Warning: Reference `' on page 16 undefined on input line 934.


LaTeX Warning: Reference `' on page 16 undefined on input line 942.

[16]

LaTeX Warning: Reference `fig:s_mat_res' on page 17 undefined on input line 1035.

[17]
<Figures/flav_s_plus.pdf, id=462, 1010.29887pt x 359.84438pt>
File: Figures/flav_s_plus.pdf Graphic file (type pdf)
<use Figures/flav_s_plus.pdf>
Package pdftex.def Info: Figures/flav_s_plus.pdf  used on input line 1041.
(pdftex.def)             Requested size: 410.90343pt x 146.35114pt.
<Figures/flav_s_minus.pdf, id=467, 2630.30531pt x 965.1055pt>
File: Figures/flav_s_minus.pdf Graphic file (type pdf)
<use Figures/flav_s_minus.pdf>
Package pdftex.def Info: Figures/flav_s_minus.pdf  used on input line 1047.
(pdftex.def)             Requested size: 386.73134pt x 141.88794pt.
<Figures/flav_s_zero.pdf, id=472, 1726.95187pt x 1215.03925pt>
File: Figures/flav_s_zero.pdf Graphic file (type pdf)
<use Figures/flav_s_zero.pdf>
Package pdftex.def Info: Figures/flav_s_zero.pdf  used on input line 1053.
(pdftex.def)             Requested size: 193.36198pt x 136.02785pt.
<Figures/exist_s_minus.pdf, id=477, 2621.88591pt x 987.75291pt>
File: Figures/exist_s_minus.pdf Graphic file (type pdf)
<use Figures/exist_s_minus.pdf>
Package pdftex.def Info: Figures/exist_s_minus.pdf  used on input line 1063.
(pdftex.def)             Requested size: 483.41234pt x 182.11348pt.
<Figures/t_j_minus.pdf, id=482, 2638.44754pt x 978.65637pt>
File: Figures/t_j_minus.pdf Graphic file (type pdf)
<use Figures/t_j_minus.pdf>
Package pdftex.def Info: Figures/t_j_minus.pdf  used on input line 1070.
(pdftex.def)             Requested size: 483.41234pt x 179.30142pt.


LaTeX Warning: Reference `fig:s_mat_res' on page 18 undefined on input line 1075.


Package hyperref Warning: Token not allowed in a PDF string (Unicode):
(hyperref)                removing `math shift' on input line 1112.


Package hyperref Warning: Token not allowed in a PDF string (Unicode):
(hyperref)                removing `subscript' on input line 1112.


Package hyperref Warning: Token not allowed in a PDF string (Unicode):
(hyperref)                removing `math shift' on input line 1112.


Package hyperref Warning: Token not allowed in a PDF string (Unicode):
(hyperref)                removing `math shift' on input line 1112.


Package hyperref Warning: Token not allowed in a PDF string (Unicode):
(hyperref)                removing `subscript' on input line 1112.


Package hyperref Warning: Token not allowed in a PDF string (Unicode):
(hyperref)                removing `math shift' on input line 1112.


Package hyperref Warning: Token not allowed in a PDF string (Unicode):
(hyperref)                removing `math shift' on input line 1114.


Package hyperref Warning: Token not allowed in a PDF string (Unicode):
(hyperref)                removing `subscript' on input line 1114.


Package hyperref Warning: Token not allowed in a PDF string (Unicode):
(hyperref)                removing `math shift' on input line 1114.


Package hyperref Warning: Token not allowed in a PDF string (Unicode):
(hyperref)                removing `math shift' on input line 1115.


Package hyperref Warning: Token not allowed in a PDF string (Unicode):
(hyperref)                removing `subscript' on input line 1115.


Package hyperref Warning: Token not allowed in a PDF string (Unicode):
(hyperref)                removing `math shift' on input line 1115.

(./main.bbl) [18] [19 <./Figures/flav_s_plus.pdf> <./Figures/flav_s_minus.pdf

pdfTeX warning: pdflatex (file ./Figures/flav_s_minus.pdf): PDF inclusion: multiple pdfs with page group included in a single page
> <./Figures/flav_s_zero.pdf

pdfTeX warning: pdflatex (file ./Figures/flav_s_zero.pdf): PDF inclusion: multiple pdfs with page group included in a single page
>] [20 <./Figures/exist_s_minus.pdf> <./Figures/t_j_minus.pdf

pdfTeX warning: pdflatex (file ./Figures/t_j_minus.pdf): PDF inclusion: multiple pdfs with page group included in a single page
>] (./main.aux)

LaTeX Warning: There were undefined references.

Package rerunfilecheck Info: File `main.out' has not changed.
(rerunfilecheck)             Checksum: 24EA97BDD858B84984B27DD84449C193;4469.
 ) 
Here is how much of TeX's memory you used:
 15061 strings out of 476025
 231097 string characters out of 5790017
 1917388 words of memory out of 5000000
 35151 multiletter control sequences out of 15000+600000
 527340 words of font info for 93 fonts, out of 8000000 for 9000
 1141 hyphenation exceptions out of 8191
 75i,39n,77p,1593b,1214s stack positions out of 10000i,1000n,20000p,200000b,200000s
</usr/local/texlive/2023/texmf-dist/fonts/type1/public/bbold-type1/bbold10.pfb></usr/local/texlive/2023/texmf-dist/fonts/type1/public/amsfonts/cm/cmbx10.pfb></usr/local/texlive/2023/texmf-dist/fonts/type1/public/amsfonts/cm/cmbx12.pfb></usr/local/texlive/2023/texmf-dist/fonts/type1/public/amsfonts/cm/cmbx9.pfb></usr/local/texlive/2023/texmf-dist/fonts/type1/public/amsfonts/cm/cmex10.pfb></usr/local/texlive/2023/texmf-dist/fonts/type1/public/amsfonts/cm/cmmi10.pfb></usr/local/texlive/2023/texmf-dist/fonts/type1/public/amsfonts/cm/cmmi12.pfb></usr/local/texlive/2023/texmf-dist/fonts/type1/public/amsfonts/cm/cmmi5.pfb></usr/local/texlive/2023/texmf-dist/fonts/type1/public/amsfonts/cm/cmmi6.pfb></usr/local/texlive/2023/texmf-dist/fonts/type1/public/amsfonts/cm/cmmi7.pfb></usr/local/texlive/2023/texmf-dist/fonts/type1/public/amsfonts/cm/cmmi9.pfb></usr/local/texlive/2023/texmf-dist/fonts/type1/public/amsfonts/cm/cmr10.pfb></usr/local/texlive/2023/texmf-dist/fonts/type1/public/amsfonts/cm/cmr12.pfb></usr/local/texlive/2023/texmf-dist/fonts/type1/public/amsfonts/cm/cmr17.pfb></usr/local/texlive/2023/texmf-dist/fonts/type1/public/amsfonts/cm/cmr5.pfb></usr/local/texlive/2023/texmf-dist/fonts/type1/public/amsfonts/cm/cmr6.pfb></usr/local/texlive/2023/texmf-dist/fonts/type1/public/amsfonts/cm/cmr7.pfb></usr/local/texlive/2023/texmf-dist/fonts/type1/public/amsfonts/cm/cmr8.pfb></usr/local/texlive/2023/texmf-dist/fonts/type1/public/amsfonts/cm/cmr9.pfb></usr/local/texlive/2023/texmf-dist/fonts/type1/public/amsfonts/cm/cmsy10.pfb></usr/local/texlive/2023/texmf-dist/fonts/type1/public/amsfonts/cm/cmsy5.pfb></usr/local/texlive/2023/texmf-dist/fonts/type1/public/amsfonts/cm/cmsy7.pfb></usr/local/texlive/2023/texmf-dist/fonts/type1/public/amsfonts/cm/cmsy9.pfb></usr/local/texlive/2023/texmf-dist/fonts/type1/public/amsfonts/cm/cmti10.pfb></usr/local/texlive/2023/texmf-dist/fonts/type1/public/cm-super/sfrm1000.pfb>
Output written on main.pdf (20 pages, 11255098 bytes).
PDF statistics:
 669 PDF objects out of 1000 (max. 8388607)
 526 compressed objects within 6 object streams
 113 named destinations out of 1000 (max. 500000)
 296 words of extra memory for PDF output out of 10000 (max. 10000000)

