\BOOKMARK [1][-]{section.3}{\376\377\000I\000n\000t\000r\000o\000d\000u\000c\000t\000i\000o\000n}{}% 1
\BOOKMARK [1][-]{section.4}{\376\377\000Q\000u\000a\000n\000t\000u\000m\000\040\000d\000o\000u\000b\000l\000e\000\040\000m\000o\000d\000e\000l\000s}{}% 2
\BOOKMARK [2][-]{subsection.20}{\376\377\000R\000i\000b\000b\000o\000n\000\040\000O\000p\000e\000r\000a\000t\000o\000r\000s}{section.4}% 3
\BOOKMARK [3][-]{subsubsection.21}{\376\377\000A\000p\000p\000l\000i\000c\000a\000t\000i\000o\000n\000\040\000S\000c\000h\000e\000m\000e}{subsection.20}% 4
\BOOKMARK [2][-]{subsection.27}{\376\377\000R\000e\000d\000u\000c\000e\000d\000\040\000C\000h\000a\000r\000g\000e\000\040\000M\000e\000a\000s\000u\000r\000e\000m\000e\000n\000t}{section.4}% 5
\BOOKMARK [3][-]{subsubsection.36}{\376\377\000S\000p\000e\000c\000i\000f\000i\000c\000\040\000e\000x\000a\000m\000p\000l\000e\000\040\000o\000f\000\040\000D\0004}{subsection.27}% 6
\BOOKMARK [1][-]{section.39}{\376\377\000B\000r\000a\000i\000d\000i\000n\000g\000\040\000E\000x\000p\000e\000r\000i\000m\000e\000n\000t\000s\000\040\000a\000n\000d\000\040\000N\000u\000m\000e\000r\000i\000c\000a\000l\000\040\000R\000e\000s\000u\000l\000t\000s}{}% 7
\BOOKMARK [2][-]{subsection.40}{\376\377\000E\000n\000c\000o\000d\000i\000n\000g\000,\000\040\000R\000i\000b\000b\000o\000n\000\040\000o\000p\000e\000r\000a\000t\000o\000r\000s\000\040\000a\000n\000d\000\040\000C\000h\000a\000r\000g\000e\000\040\000M\000e\000a\000s\000u\000r\000e\000m\000e\000n\000t\000s}{section.39}% 8
\BOOKMARK [2][-]{subsection.53}{\376\377\000G\000e\000o\000m\000e\000t\000r\000y\000\040\000a\000n\000d\000\040\000G\000r\000o\000u\000n\000d\000\040\000S\000t\000a\000t\000e\000\040\000P\000r\000e\000p\000a\000r\000a\000t\000i\000o\000n}{section.39}% 9
\BOOKMARK [2][-]{subsection.57}{\376\377\000A\000n\000y\000o\000n\000\040\000F\000u\000s\000i\000o\000n}{section.39}% 10
\BOOKMARK [2][-]{subsection.58}{\376\377\000A\000n\000y\000o\000n\000\040\000B\000r\000a\000i\000d\000i\000n\000g}{section.39}% 11
\BOOKMARK [2][-]{subsection.61}{\376\377\000I\000n\000t\000e\000r\000f\000e\000r\000o\000m\000e\000t\000r\000y}{section.39}% 12
\BOOKMARK [3][-]{subsubsection.65}{\376\377\000S\000-\000m\000a\000t\000r\000i\000x\000\040\000e\000l\000e\000m\000e\000n\000t\000s}{subsection.61}% 13
\BOOKMARK [3][-]{subsubsection.69}{\376\377\000T\000-\000m\000a\000t\000r\000i\000x\000\040\000e\000l\000e\000m\000e\000n\000t\000s}{subsection.61}% 14
\BOOKMARK [1][-]{section.70}{\376\377\000N\000u\000m\000e\000r\000i\000c\000a\000l\000\040\000E\000x\000p\000e\000r\000i\000m\000e\000n\000t\000s}{}% 15
\BOOKMARK [2][-]{subsection.71}{\376\377\000F\000u\000s\000i\000o\000n\000\040\000a\000n\000d\000\040\000B\000r\000a\000i\000d\000i\000n\000g}{section.70}% 16
\BOOKMARK [2][-]{subsection.72}{\376\377\000I\000n\000t\000e\000r\000f\000e\000r\000o\000m\000e\000t\000r\000y\000\040\000a\000n\000d\000\040\000T\000o\000m\000o\000g\000r\000a\000p\000h\000y}{section.70}% 17
\BOOKMARK [3][-]{subsubsection.82}{\376\377\000C\000i\000r\000c\000u\000i\000t\000\040\000D\000e\000p\000t\000h}{subsection.72}% 18
\BOOKMARK [1][-]{section.83}{\376\377\000O\000t\000h\000e\000r\000\040\000G\000a\000u\000g\000e\000\040\000G\000r\000o\000u\000p\000s}{}% 19
\BOOKMARK [1][-]{section.84}{\376\377\000C\000o\000n\000c\000l\000u\000s\000i\000o\000n\000s\000\040\000a\000n\000d\000\040\000O\000u\000t\000l\000o\000o\000k}{}% 20
\BOOKMARK [1][-]{appendix.85}{\376\377\000R\000i\000b\000b\000o\000n\000\040\000T\000y\000p\000e\000s}{}% 21
\BOOKMARK [1][-]{appendix.86}{\376\377\000R\000e\000p\000r\000e\000s\000e\000n\000t\000a\000t\000i\000o\000n\000\040\000T\000h\000e\000o\000r\000y\000\040\000o\000f\000\040\000D\0004\000\040\000a\000n\000d\000\040\000D\000\050\000D\0004\000\051}{}% 22
\BOOKMARK [1][-]{appendix.87}{\376\377\000C\000i\000r\000c\000u\000i\000t\000s\000\040\000f\000o\000r\000\040\000D\0004\000-\000r\000e\000l\000a\000t\000e\000d\000\040\000o\000p\000e\000r\000a\000t\000i\000o\000n\000s}{}% 23
\BOOKMARK [1][-]{appendix.88}{\376\377\000A\000b\000e\000l\000i\000a\000n\000\040\000a\000n\000y\000o\000n\000s\000\040\000o\000f\000\040\000D\0004\000\040\000g\000a\000u\000g\000e\000\040\000t\000h\000e\000o\000r\000y}{}% 24
\BOOKMARK [1][-]{appendix.89}{\376\377\000P\000o\000s\000t\000s\000e\000l\000l\000e\000c\000t\000i\000o\000n\000\040\000a\000n\000d\000\040\000o\000n\000e\000-\000q\000u\000b\000i\000t\000\040\000m\000a\000r\000g\000i\000n\000a\000l\000s}{}% 25
